<?xml version="1.0" encoding="UTF-8"?>
<!-- Generated by org.testng.reporters.JUnitReportReporter -->
<testsuite hostname="XIPL9218" name="com.mediaservices.c2c.talent.dao.impl.PageableContentImplTest" tests="1" failures="0" timestamp="2 Nov 2018 12:37:39 GMT" time="0.199" errors="0">
  <testcase name="getPageContent" time="0.199" classname="com.mediaservices.c2c.talent.dao.impl.PageableContentImplTest"/>
</testsuite> <!-- com.mediaservices.c2c.talent.dao.impl.PageableContentImplTest -->
