<?xml version="1.0" encoding="UTF-8"?>
<!-- Generated by org.testng.reporters.JUnitReportReporter -->
<testsuite hostname="XIPL9218" name="com.mediaservices.c2c.talent.dao.CompanyListDAOTest" tests="6" failures="0" timestamp="2 Nov 2018 12:26:53 GMT" time="1.008" errors="0">
  <testcase name="testGetCompaniesSortByUpdateDate" time="0.003" classname="com.mediaservices.c2c.talent.dao.CompanyListDAOTest"/>
  <testcase name="testGetCompaniesSortByTalName" time="0.003" classname="com.mediaservices.c2c.talent.dao.CompanyListDAOTest"/>
  <testcase name="testGetCompaniesSortByRepName" time="0.912" classname="com.mediaservices.c2c.talent.dao.CompanyListDAOTest"/>
  <testcase name="testGetCompaniesSortByCompanyType" time="0.004" classname="com.mediaservices.c2c.talent.dao.CompanyListDAOTest"/>
  <testcase name="testGetCompaniesSortByUpdateDatePartyNullNull" time="0.001" classname="com.mediaservices.c2c.talent.dao.CompanyListDAOTest"/>
  <testcase name="testGetCompaniesSortByCompanyName" time="0.085" classname="com.mediaservices.c2c.talent.dao.CompanyListDAOTest"/>
</testsuite> <!-- com.mediaservices.c2c.talent.dao.CompanyListDAOTest -->
