<?xml version="1.0" encoding="UTF-8"?>
<!-- Generated by org.testng.reporters.JUnitReportReporter -->
<testsuite hostname="XIPL9218" name="com.mediaservices.c2c.talent.dao.impl.RepsClientsListViewDAOTest" tests="2" failures="0" timestamp="2 Nov 2018 13:17:58 GMT" time="1.102" errors="0">
  <testcase name="getRepsClientsNullPartyId" time="1.005" classname="com.mediaservices.c2c.talent.dao.impl.RepsClientsListViewDAOTest"/>
  <testcase name="getRepsClients" time="0.097" classname="com.mediaservices.c2c.talent.dao.impl.RepsClientsListViewDAOTest"/>
</testsuite> <!-- com.mediaservices.c2c.talent.dao.impl.RepsClientsListViewDAOTest -->
