<?xml version="1.0" encoding="UTF-8"?>
<!-- Generated by org.testng.reporters.JUnitReportReporter -->
<testsuite hostname="XIPL9218" name="com.mediaservices.c2c.talent.TalentListViewDAOTest" tests="5" failures="0" timestamp="2 Nov 2018 11:30:40 GMT" time="1.784" errors="0">
  <testcase name="getTalentsBasedOnUserRoleWhenQueryReturnsListOfListOfBigDecimals" time="1.600" classname="com.mediaservices.c2c.talent.TalentListViewDAOTest"/>
  <testcase name="getTalentsBasedOnUserRoleWhenQueryReturnsListOfBigDecimals" time="0.005" classname="com.mediaservices.c2c.talent.TalentListViewDAOTest"/>
  <testcase name="getTalentsBasedOnUserRoleAndSortByRepresentativeWhenQueryReturnsListOfBigDecimals" time="0.006" classname="com.mediaservices.c2c.talent.TalentListViewDAOTest"/>
  <testcase name="getTalentsBasedOnUserRoleAndSortByFunctionWhenQueryReturnsListOfBigDecimals" time="0.006" classname="com.mediaservices.c2c.talent.TalentListViewDAOTest"/>
  <testcase name="getTalentsBasedOnUserRoleAndAllFiltersWhenQueryReturnsListOfBigDecimals" time="0.167" classname="com.mediaservices.c2c.talent.TalentListViewDAOTest"/>
</testsuite> <!-- com.mediaservices.c2c.talent.TalentListViewDAOTest -->
