<?xml version="1.0" encoding="UTF-8"?>
<!-- Generated by org.testng.reporters.JUnitReportReporter -->
<testsuite hostname="XIPL9218" name="com.mediaservices.c2c.talent.dao.impl.RepListViewGridDataExtractorTest" tests="3" failures="0" timestamp="6 Nov 2018 07:12:00 GMT" time="1.323" errors="0">
  <testcase name="createContactListFromResultSet_multipleResults" time="0.007" classname="com.mediaservices.c2c.talent.dao.impl.RepListViewGridDataExtractorTest"/>
  <testcase name="createPeopleListForCorporate" time="0.013" classname="com.mediaservices.c2c.talent.dao.impl.RepListViewGridDataExtractorTest"/>
  <testcase name="createContactListFromResultSet" time="1.303" classname="com.mediaservices.c2c.talent.dao.impl.RepListViewGridDataExtractorTest"/>
</testsuite> <!-- com.mediaservices.c2c.talent.dao.impl.RepListViewGridDataExtractorTest -->
