<?xml version="1.0" encoding="UTF-8"?>
<!-- Generated by org.testng.reporters.JUnitReportReporter -->
<testsuite hostname="XIPL9218" name="com.mediaservices.c2c.talent.TalentListViewGridDataExtractorTest" tests="2" failures="0" timestamp="9 Nov 2018 09:03:54 GMT" time="2.296" errors="0">
  <testcase name="testCreateTalentListWithUserRoleCasting" time="0.127" classname="com.mediaservices.c2c.talent.TalentListViewGridDataExtractorTest"/>
  <testcase name="testCreateTalentListWithUserRoleNotAsCasting" time="2.169" classname="com.mediaservices.c2c.talent.TalentListViewGridDataExtractorTest"/>
</testsuite> <!-- com.mediaservices.c2c.talent.TalentListViewGridDataExtractorTest -->
