<?xml version="1.0" encoding="UTF-8"?>
<!-- Generated by org.testng.reporters.JUnitReportReporter -->
<testsuite hostname="XIPL9218" name="com.mediaservices.c2c.talent.dao.impl.TalentTimeLineListViewDAOTest" tests="8" failures="0" timestamp="6 Nov 2018 07:12:51 GMT" time="0.951" errors="0">
  <testcase name="getTalentsTimeLineSortByOriginalValue" time="0.003" classname="com.mediaservices.c2c.talent.dao.impl.TalentTimeLineListViewDAOTest"/>
  <testcase name="getTalentsTimeLineSortByDateType" time="0.004" classname="com.mediaservices.c2c.talent.dao.impl.TalentTimeLineListViewDAOTest"/>
  <testcase name="getTalentsTimeLineSortByChangeType" time="0.004" classname="com.mediaservices.c2c.talent.dao.impl.TalentTimeLineListViewDAOTest"/>
  <testcase name="getTalentsTimeLineSortByField" time="0.002" classname="com.mediaservices.c2c.talent.dao.impl.TalentTimeLineListViewDAOTest"/>
  <testcase name="getTalentsTimeLineSortByChangedBy" time="0.003" classname="com.mediaservices.c2c.talent.dao.impl.TalentTimeLineListViewDAOTest"/>
  <testcase name="getTalentsTimeLine" time="0.092" classname="com.mediaservices.c2c.talent.dao.impl.TalentTimeLineListViewDAOTest"/>
  <testcase name="getTalentsTimeLineSortByModule" time="0.006" classname="com.mediaservices.c2c.talent.dao.impl.TalentTimeLineListViewDAOTest"/>
  <testcase name="getTalentsTimeLineSortByNewValue" time="0.837" classname="com.mediaservices.c2c.talent.dao.impl.TalentTimeLineListViewDAOTest"/>
</testsuite> <!-- com.mediaservices.c2c.talent.dao.impl.TalentTimeLineListViewDAOTest -->
