<?xml version="1.0" encoding="UTF-8"?>
<!-- Generated by org.testng.reporters.JUnitReportReporter -->
<testsuite hostname="XIPL9218" name="com.mediaservices.c2c.talent.dao.impl.TimeLineDAOTest" tests="81" failures="0" timestamp="2 Nov 2018 11:33:07 GMT" time="0.239" errors="0">
  <testcase name="deleteFromAddressAudit" time="0.004" classname="com.mediaservices.c2c.talent.dao.impl.TimeLineDAOTest"/>
  <testcase name="getPreviousCompany" time="0.003" classname="com.mediaservices.c2c.talent.dao.impl.TimeLineDAOTest"/>
  <testcase name="getStTalentAuditDataLastJobNotNull" time="0.002" classname="com.mediaservices.c2c.talent.dao.impl.TimeLineDAOTest"/>
  <testcase name="getPartyAuditDataLastJobNotNull" time="0.003" classname="com.mediaservices.c2c.talent.dao.impl.TimeLineDAOTest"/>
  <testcase name="deleteFromContactAudit" time="0.004" classname="com.mediaservices.c2c.talent.dao.impl.TimeLineDAOTest"/>
  <testcase name="getTalentRacePlayesAuditDataLastJobNotNull" time="0.002" classname="com.mediaservices.c2c.talent.dao.impl.TimeLineDAOTest"/>
  <testcase name="getMostRecentUpdatedCompanyVersion" time="0.002" classname="com.mediaservices.c2c.talent.dao.impl.TimeLineDAOTest"/>
  <testcase name="getPreviousWebContact" time="0.002" classname="com.mediaservices.c2c.talent.dao.impl.TimeLineDAOTest"/>
  <testcase name="deleteFromPartyAudit" time="0.003" classname="com.mediaservices.c2c.talent.dao.impl.TimeLineDAOTest"/>
  <testcase name="getTalentPartyRelationAuditDataLastJobNull" time="0.003" classname="com.mediaservices.c2c.talent.dao.impl.TimeLineDAOTest"/>
  <testcase name="deleteFromPartyTeamAudit" time="0.002" classname="com.mediaservices.c2c.talent.dao.impl.TimeLineDAOTest"/>
  <testcase name="deleteFromPartyRelationAudit" time="0.002" classname="com.mediaservices.c2c.talent.dao.impl.TimeLineDAOTest"/>
  <testcase name="getStudioName" time="0.002" classname="com.mediaservices.c2c.talent.dao.impl.TimeLineDAOTest"/>
  <testcase name="getTalentImmigrationAuditDataLastJobNotNull" time="0.003" classname="com.mediaservices.c2c.talent.dao.impl.TimeLineDAOTest"/>
  <testcase name="getTalentPartyTeamAuditDataLastJobNull" time="0.003" classname="com.mediaservices.c2c.talent.dao.impl.TimeLineDAOTest"/>
  <testcase name="getMostRecentPartyRelationVersionForChildIdParentId" time="0.004" classname="com.mediaservices.c2c.talent.dao.impl.TimeLineDAOTest"/>
  <testcase name="getPersonAuditDataLastJobNull" time="0.027" classname="com.mediaservices.c2c.talent.dao.impl.TimeLineDAOTest"/>
  <testcase name="getTalentPartyCompanyAuditDataLastJobNull" time="0.002" classname="com.mediaservices.c2c.talent.dao.impl.TimeLineDAOTest"/>
  <testcase name="getTalentRelationsPhoneAuditDataLastJobNull" time="0.003" classname="com.mediaservices.c2c.talent.dao.impl.TimeLineDAOTest"/>
  <testcase name="getPreviousPartyRelation" time="0.002" classname="com.mediaservices.c2c.talent.dao.impl.TimeLineDAOTest"/>
  <testcase name="deleteFromGenreAudit" time="0.003" classname="com.mediaservices.c2c.talent.dao.impl.TimeLineDAOTest"/>
  <testcase name="getPreviousAddress" time="0.002" classname="com.mediaservices.c2c.talent.dao.impl.TimeLineDAOTest"/>
  <testcase name="deleteFromPersonAudit" time="0.002" classname="com.mediaservices.c2c.talent.dao.impl.TimeLineDAOTest"/>
  <testcase name="getTalentGenderPlayesAuditDataLastJobNotNull" time="0.003" classname="com.mediaservices.c2c.talent.dao.impl.TimeLineDAOTest"/>
  <testcase name="getTalentRacePlayesAuditDataLastJobNull" time="0.003" classname="com.mediaservices.c2c.talent.dao.impl.TimeLineDAOTest"/>
  <testcase name="getTalentSagAuditDataLastJobNotNull" time="0.001" classname="com.mediaservices.c2c.talent.dao.impl.TimeLineDAOTest"/>
  <testcase name="getTalentPartyStudAttrAuditDataLastJobNull" time="0.002" classname="com.mediaservices.c2c.talent.dao.impl.TimeLineDAOTest"/>
  <testcase name="deleteFromCompanyAudit" time="0.003" classname="com.mediaservices.c2c.talent.dao.impl.TimeLineDAOTest"/>
  <testcase name="getTalentOccupationAuditDataLastJobNull" time="0.003" classname="com.mediaservices.c2c.talent.dao.impl.TimeLineDAOTest"/>
  <testcase name="getMostRecentNextUpdatedTalentVersion" time="0.002" classname="com.mediaservices.c2c.talent.dao.impl.TimeLineDAOTest"/>
  <testcase name="getTalentGenreAuditDataLastJobNotNull" time="0.002" classname="com.mediaservices.c2c.talent.dao.impl.TimeLineDAOTest"/>
  <testcase name="getPreviousGuild" time="0.002" classname="com.mediaservices.c2c.talent.dao.impl.TimeLineDAOTest"/>
  <testcase name="getPreviousPartyAka" time="0.002" classname="com.mediaservices.c2c.talent.dao.impl.TimeLineDAOTest"/>
  <testcase name="getTalentSagAuditDataLastJobNull" time="0.002" classname="com.mediaservices.c2c.talent.dao.impl.TimeLineDAOTest"/>
  <testcase name="getMostRecentUpdatedCompanyVersionMainTable" time="0.003" classname="com.mediaservices.c2c.talent.dao.impl.TimeLineDAOTest"/>
  <testcase name="getMostRecentPartyRelationVersionForChildIdMainTables" time="0.003" classname="com.mediaservices.c2c.talent.dao.impl.TimeLineDAOTest"/>
  <testcase name="getTalentRelationsWebContactAuditDataLastJobNull" time="0.002" classname="com.mediaservices.c2c.talent.dao.impl.TimeLineDAOTest"/>
  <testcase name="getMostRecentPartyRelationVersionForChildIdTalentCRep" time="0.003" classname="com.mediaservices.c2c.talent.dao.impl.TimeLineDAOTest"/>
  <testcase name="getTalentRelationsAddressAuditDataLastJobNotNull" time="0.002" classname="com.mediaservices.c2c.talent.dao.impl.TimeLineDAOTest"/>
  <testcase name="getDBTime" time="0.007" classname="com.mediaservices.c2c.talent.dao.impl.TimeLineDAOTest"/>
  <testcase name="getTalentCitizenshipAuditDataLastJobNotNull" time="0.002" classname="com.mediaservices.c2c.talent.dao.impl.TimeLineDAOTest"/>
  <testcase name="getPartyAuditDataLastJobNull" time="0.003" classname="com.mediaservices.c2c.talent.dao.impl.TimeLineDAOTest"/>
  <testcase name="getTalentRelationsWebContactAuditDataLastJobNotNull" time="0.002" classname="com.mediaservices.c2c.talent.dao.impl.TimeLineDAOTest"/>
  <testcase name="deleteFromPartyContactAudit" time="0.003" classname="com.mediaservices.c2c.talent.dao.impl.TimeLineDAOTest"/>
  <testcase name="getMostRecentUpdatedPartyContactVersionMainTables" time="0.002" classname="com.mediaservices.c2c.talent.dao.impl.TimeLineDAOTest"/>
  <testcase name="getTalentCitizenshipAuditDataLastJobNull" time="0.002" classname="com.mediaservices.c2c.talent.dao.impl.TimeLineDAOTest"/>
  <testcase name="getTalentImmigrationAuditDataLastJobNull" time="0.002" classname="com.mediaservices.c2c.talent.dao.impl.TimeLineDAOTest"/>
  <testcase name="getTalentPartyRelationAuditDataLastJobNotNull" time="0.002" classname="com.mediaservices.c2c.talent.dao.impl.TimeLineDAOTest"/>
  <testcase name="getTalentRelationsPhoneAuditDataLastJobNotNull" time="0.002" classname="com.mediaservices.c2c.talent.dao.impl.TimeLineDAOTest"/>
  <testcase name="getPersonAuditDataLastJobNotNull" time="0.002" classname="com.mediaservices.c2c.talent.dao.impl.TimeLineDAOTest"/>
  <testcase name="getMostRecentUpdatedPartyContactVersion" time="0.004" classname="com.mediaservices.c2c.talent.dao.impl.TimeLineDAOTest"/>
  <testcase name="getPreviousPhone" time="0.004" classname="com.mediaservices.c2c.talent.dao.impl.TimeLineDAOTest"/>
  <testcase name="deleteFromStudioSpecificInfoAudit" time="0.003" classname="com.mediaservices.c2c.talent.dao.impl.TimeLineDAOTest"/>
  <testcase name="getTalentOccupationAuditDataLastJobNotNull" time="0.002" classname="com.mediaservices.c2c.talent.dao.impl.TimeLineDAOTest"/>
  <testcase name="getMostRecentUpdatedTalentVersion" time="0.003" classname="com.mediaservices.c2c.talent.dao.impl.TimeLineDAOTest"/>
  <testcase name="getTalentPartyStudAttrAuditDataLastJobNotNull" time="0.002" classname="com.mediaservices.c2c.talent.dao.impl.TimeLineDAOTest"/>
  <testcase name="deleteFromGenderPlaysAudit" time="0.003" classname="com.mediaservices.c2c.talent.dao.impl.TimeLineDAOTest"/>
  <testcase name="deleteFromCitizenshipAudit" time="0.003" classname="com.mediaservices.c2c.talent.dao.impl.TimeLineDAOTest"/>
  <testcase name="getTalentPartyCompanyAuditDataLastJobNotNull" time="0.002" classname="com.mediaservices.c2c.talent.dao.impl.TimeLineDAOTest"/>
  <testcase name="getMostRecentPartyRelationVersionForChildIdParentIdMainTable" time="0.003" classname="com.mediaservices.c2c.talent.dao.impl.TimeLineDAOTest"/>
  <testcase name="deleteFromTalentAudit" time="0.003" classname="com.mediaservices.c2c.talent.dao.impl.TimeLineDAOTest"/>
  <testcase name="getTalentPartyTeamAuditDataLastJobNotNull" time="0.003" classname="com.mediaservices.c2c.talent.dao.impl.TimeLineDAOTest"/>
  <testcase name="getTalentAkaAuditDataLastJobNull" time="0.003" classname="com.mediaservices.c2c.talent.dao.impl.TimeLineDAOTest"/>
  <testcase name="getMostRecentUpdatedTalentVersionMainTables" time="0.002" classname="com.mediaservices.c2c.talent.dao.impl.TimeLineDAOTest"/>
  <testcase name="getTalentGenderPlayesAuditDataLastJobNull" time="0.003" classname="com.mediaservices.c2c.talent.dao.impl.TimeLineDAOTest"/>
  <testcase name="getTalentRelationsAddressAuditDataLastJobNull" time="0.003" classname="com.mediaservices.c2c.talent.dao.impl.TimeLineDAOTest"/>
  <testcase name="deleteFromPhoneAudit" time="0.003" classname="com.mediaservices.c2c.talent.dao.impl.TimeLineDAOTest"/>
  <testcase name="deleteFromPartyAkaAudit" time="0.002" classname="com.mediaservices.c2c.talent.dao.impl.TimeLineDAOTest"/>
  <testcase name="getPreviousPartyStudioInfo" time="0.002" classname="com.mediaservices.c2c.talent.dao.impl.TimeLineDAOTest"/>
  <testcase name="getMostRecentPartyRelationVersionForChildId" time="0.003" classname="com.mediaservices.c2c.talent.dao.impl.TimeLineDAOTest"/>
  <testcase name="getPreviousParty" time="0.003" classname="com.mediaservices.c2c.talent.dao.impl.TimeLineDAOTest"/>
  <testcase name="deleteFromOccupationAudit" time="0.003" classname="com.mediaservices.c2c.talent.dao.impl.TimeLineDAOTest"/>
  <testcase name="deleteFromTalentGuildAudit" time="0.003" classname="com.mediaservices.c2c.talent.dao.impl.TimeLineDAOTest"/>
  <testcase name="deleteFromWebContactAudit" time="0.003" classname="com.mediaservices.c2c.talent.dao.impl.TimeLineDAOTest"/>
  <testcase name="deleteFromWorkEligibilityAudit" time="0.003" classname="com.mediaservices.c2c.talent.dao.impl.TimeLineDAOTest"/>
  <testcase name="getPreviousPerson" time="0.003" classname="com.mediaservices.c2c.talent.dao.impl.TimeLineDAOTest"/>
  <testcase name="deleteFromStTalentAudit" time="0.003" classname="com.mediaservices.c2c.talent.dao.impl.TimeLineDAOTest"/>
  <testcase name="getTalentAkaAuditDataLastJobNotNull" time="0.003" classname="com.mediaservices.c2c.talent.dao.impl.TimeLineDAOTest"/>
  <testcase name="getStTalentAuditDataLastJobNull" time="0.003" classname="com.mediaservices.c2c.talent.dao.impl.TimeLineDAOTest"/>
  <testcase name="getTalentGenreAuditDataLastJobNull" time="0.002" classname="com.mediaservices.c2c.talent.dao.impl.TimeLineDAOTest"/>
  <testcase name="deleteFromRacePlaysAudit" time="0.002" classname="com.mediaservices.c2c.talent.dao.impl.TimeLineDAOTest"/>
</testsuite> <!-- com.mediaservices.c2c.talent.dao.impl.TimeLineDAOTest -->
