<?xml version="1.0" encoding="UTF-8"?>
<!-- Generated by org.testng.reporters.JUnitReportReporter -->
<testsuite hostname="XIPL9218" name="com.mediaservices.c2c.rollcall.CompanyListViewDAOTest" tests="5" failures="0" timestamp="2 Nov 2018 12:14:27 GMT" time="2.604" errors="0">
  <testcase name="getCompanyBasedOnDatasetWhenQueryReturnsListOfBigDecimals" time="0.281" classname="com.mediaservices.c2c.rollcall.CompanyListViewDAOTest"/>
  <testcase name="getPeopleBasedOnDatasetAndSortByContactWhenQueryReturnsListOfBigDecimals" time="0.017" classname="com.mediaservices.c2c.rollcall.CompanyListViewDAOTest"/>
  <testcase name="getPeopleBasedOnDatasetAndSortByWebsiteWhenQueryReturnsListOfBigDecimals" time="2.286" classname="com.mediaservices.c2c.rollcall.CompanyListViewDAOTest"/>
  <testcase name="getPeopleBasedOnDatasetAndAllFiltersWhenQueryReturnsListOfBigDecimals" time="0.010" classname="com.mediaservices.c2c.rollcall.CompanyListViewDAOTest"/>
  <testcase name="getPeopleBasedOnDatasetAndSortByLocationWhenQueryReturnsListOfBigDecimals" time="0.010" classname="com.mediaservices.c2c.rollcall.CompanyListViewDAOTest"/>
</testsuite> <!-- com.mediaservices.c2c.rollcall.CompanyListViewDAOTest -->
