<?xml version="1.0" encoding="UTF-8"?>
<!-- Generated by org.testng.reporters.JUnitReportReporter -->
<testsuite hostname="XIPL9218" name="com.mediaservices.c2c.talent.TalentTimeLineListViewGridDataExtractorTest" tests="1" failures="0" timestamp="2 Nov 2018 11:30:40 GMT" time="0.137" errors="0">
  <testcase name="createTalentTimeListFromResultSet" time="0.137" classname="com.mediaservices.c2c.talent.TalentTimeLineListViewGridDataExtractorTest"/>
</testsuite> <!-- com.mediaservices.c2c.talent.TalentTimeLineListViewGridDataExtractorTest -->
