<?xml version="1.0" encoding="UTF-8"?>
<!-- Generated by org.testng.reporters.JUnitReportReporter -->
<testsuite hostname="XIPL9218" name="com.mediaservices.c2c.talent.dao.RepresentativeListDAOTest" tests="6" failures="0" timestamp="2 Nov 2018 13:03:52 GMT" time="1.180" errors="0">
  <testcase name="testGetRepresentativesSortByContact" time="0.003" classname="com.mediaservices.c2c.talent.dao.RepresentativeListDAOTest"/>
  <testcase name="testGetRepresentativesSortByTalents" time="0.004" classname="com.mediaservices.c2c.talent.dao.RepresentativeListDAOTest"/>
  <testcase name="testGetRepresentativesSortByUpdateDate" time="0.004" classname="com.mediaservices.c2c.talent.dao.RepresentativeListDAOTest"/>
  <testcase name="testGetRepresentativesSortByCompany" time="0.112" classname="com.mediaservices.c2c.talent.dao.RepresentativeListDAOTest"/>
  <testcase name="testGetRepresentativesSortByRepresentativeName" time="0.003" classname="com.mediaservices.c2c.talent.dao.RepresentativeListDAOTest"/>
  <testcase name="testGetRepresentativesSortByRepresentativeType" time="1.054" classname="com.mediaservices.c2c.talent.dao.RepresentativeListDAOTest"/>
</testsuite> <!-- com.mediaservices.c2c.talent.dao.RepresentativeListDAOTest -->
