<?xml version="1.0" encoding="UTF-8"?>
<!-- Generated by org.testng.reporters.JUnitReportReporter -->
<testsuite hostname="XIPL9218" name="com.mediaservices.c2c.talent.dao.CompanyListViewGridDataExtractorTest" tests="1" failures="0" timestamp="2 Nov 2018 12:30:52 GMT" time="1.166" errors="0">
  <testcase name="testCreateTalentListWithUserRoleNotAsCasting" time="1.166" classname="com.mediaservices.c2c.talent.dao.CompanyListViewGridDataExtractorTest"/>
</testsuite> <!-- com.mediaservices.c2c.talent.dao.CompanyListViewGridDataExtractorTest -->
