<?xml version="1.0" encoding="UTF-8"?>
<!-- Generated by org.testng.reporters.JUnitReportReporter -->
<testsuite hostname="XIPL9218" name="com.mediaservices.c2c.talent.dao.DealsListDAOTest" tests="1" failures="0" timestamp="2 Nov 2018 11:31:40 GMT" time="0.089" errors="0">
  <testcase name="testGetDeals" time="0.089" classname="com.mediaservices.c2c.talent.dao.DealsListDAOTest"/>
</testsuite> <!-- com.mediaservices.c2c.talent.dao.DealsListDAOTest -->
