<?xml version="1.0" encoding="UTF-8"?>
<!-- Generated by org.testng.reporters.JUnitReportReporter -->
<testsuite hostname="XIPL9218" name="com.mediaservices.c2c.talent.service.CompanyServiceTest" tests="7" failures="0" timestamp="5 Nov 2018 13:01:45 GMT" time="7.663" errors="0">
  <testcase name="saveTalentLoanoutIncorporationCountryNull" time="0.011" classname="com.mediaservices.c2c.talent.service.CompanyServiceTest"/>
  <testcase name="saveTalentLoanoutAlreadyExists" time="0.012" classname="com.mediaservices.c2c.talent.service.CompanyServiceTest"/>
  <testcase name="testGetCompanyDetail" time="0.035" classname="com.mediaservices.c2c.talent.service.CompanyServiceTest"/>
  <testcase name="saveTalentLoanout" time="0.528" classname="com.mediaservices.c2c.talent.service.CompanyServiceTest"/>
  <testcase name="testGetPeopleForCorporate" time="0.023" classname="com.mediaservices.c2c.talent.service.CompanyServiceTest"/>
  <testcase name="testAddOrEditCompany" time="6.915" classname="com.mediaservices.c2c.talent.service.CompanyServiceTest"/>
  <testcase name="testGetPeopleForLocation" time="0.139" classname="com.mediaservices.c2c.talent.service.CompanyServiceTest"/>
</testsuite> <!-- com.mediaservices.c2c.talent.service.CompanyServiceTest -->
