<?xml version="1.0" encoding="UTF-8"?>
<!-- Generated by org.testng.reporters.JUnitReportReporter -->
<testsuite hostname="XIPL9218" name="com.mediaservices.c2c.talent.service.impl.TimeLineServiceImplTest" tests="26" failures="0" timestamp="12 Nov 2018 08:06:44 GMT" time="4.910" errors="0">
  <testcase name="testBuildPartyImageDataDelete" time="4.155" classname="com.mediaservices.c2c.talent.service.impl.TimeLineServiceImplTest"/>
  <testcase name="testBuildTalentPartyRelationDataContactCompany" time="0.013" classname="com.mediaservices.c2c.talent.service.impl.TimeLineServiceImplTest"/>
  <testcase name="testBuildTalentPartyRelationDataTalentContact" time="0.011" classname="com.mediaservices.c2c.talent.service.impl.TimeLineServiceImplTest"/>
  <testcase name="testBuildTalentImmigrationData" time="0.048" classname="com.mediaservices.c2c.talent.service.impl.TimeLineServiceImplTest"/>
  <testcase name="testCleanTimeLineData" time="0.015" classname="com.mediaservices.c2c.talent.service.impl.TimeLineServiceImplTest"/>
  <testcase name="testBuildTalentRacePlaysData" time="0.011" classname="com.mediaservices.c2c.talent.service.impl.TimeLineServiceImplTest"/>
  <testcase name="testBuildTalentPartyCompanyData" time="0.062" classname="com.mediaservices.c2c.talent.service.impl.TimeLineServiceImplTest"/>
  <testcase name="testBuildPartyImageData" time="0.017" classname="com.mediaservices.c2c.talent.service.impl.TimeLineServiceImplTest"/>
  <testcase name="testBuildTalentPartyRelationDataContactCompanyTalentDirectContact" time="0.014" classname="com.mediaservices.c2c.talent.service.impl.TimeLineServiceImplTest"/>
  <testcase name="testBuildTalentGenreData" time="0.014" classname="com.mediaservices.c2c.talent.service.impl.TimeLineServiceImplTest"/>
  <testcase name="testBuildTalentRelationsAddressData" time="0.007" classname="com.mediaservices.c2c.talent.service.impl.TimeLineServiceImplTest"/>
  <testcase name="testBuildTalentPartyRelationDataTalentDirectContact" time="0.017" classname="com.mediaservices.c2c.talent.service.impl.TimeLineServiceImplTest"/>
  <testcase name="testBuildPartyImageDataAdd" time="0.015" classname="com.mediaservices.c2c.talent.service.impl.TimeLineServiceImplTest"/>
  <testcase name="testBuildTalentPartyStuAttrData" time="0.008" classname="com.mediaservices.c2c.talent.service.impl.TimeLineServiceImplTest"/>
  <testcase name="testBuildTalentSagData" time="0.009" classname="com.mediaservices.c2c.talent.service.impl.TimeLineServiceImplTest"/>
  <testcase name="testBuildTalentOccupationData" time="0.025" classname="com.mediaservices.c2c.talent.service.impl.TimeLineServiceImplTest"/>
  <testcase name="testBuildTimeLineDataBuildPersonDetailsData" time="0.051" classname="com.mediaservices.c2c.talent.service.impl.TimeLineServiceImplTest"/>
  <testcase name="testBuildTalentRelationsPhoneData" time="0.017" classname="com.mediaservices.c2c.talent.service.impl.TimeLineServiceImplTest"/>
  <testcase name="testBuildTalentRelationsWebContactData" time="0.006" classname="com.mediaservices.c2c.talent.service.impl.TimeLineServiceImplTest"/>
  <testcase name="testBuildTimeLineDataTalCreateEdit" time="0.009" classname="com.mediaservices.c2c.talent.service.impl.TimeLineServiceImplTest"/>
  <testcase name="testBuildTalentGenderPlaysData" time="0.014" classname="com.mediaservices.c2c.talent.service.impl.TimeLineServiceImplTest"/>
  <testcase name="buildTalentTeamData" time="0.318" classname="com.mediaservices.c2c.talent.service.impl.TimeLineServiceImplTest"/>
  <testcase name="testBuildTalentAkaData" time="0.017" classname="com.mediaservices.c2c.talent.service.impl.TimeLineServiceImplTest"/>
  <testcase name="testBuildTalentPartyRelationDataContactCompanyTalentGuardian" time="0.011" classname="com.mediaservices.c2c.talent.service.impl.TimeLineServiceImplTest"/>
  <testcase name="testBuildTalentPartyRelationDataTalentGuardian" time="0.009" classname="com.mediaservices.c2c.talent.service.impl.TimeLineServiceImplTest"/>
  <testcase name="testBuildTalentCitizenShipData" time="0.017" classname="com.mediaservices.c2c.talent.service.impl.TimeLineServiceImplTest"/>
</testsuite> <!-- com.mediaservices.c2c.talent.service.impl.TimeLineServiceImplTest -->
