<?xml version="1.0" encoding="UTF-8"?>
<!-- Generated by org.testng.reporters.JUnitReportReporter -->
<testsuite hostname="XIPL9218" name="com.mediaservices.c2c.talent.converter.CompanyToPersonConvertorTest" tests="1" failures="0" timestamp="2 Nov 2018 13:31:34 GMT" time="0.378" errors="0">
  <testcase name="convert" time="0.378" classname="com.mediaservices.c2c.talent.converter.CompanyToPersonConvertorTest"/>
</testsuite> <!-- com.mediaservices.c2c.talent.converter.CompanyToPersonConvertorTest -->
