<?xml version="1.0" encoding="UTF-8"?>
<!-- Generated by org.testng.reporters.JUnitReportReporter -->
<testsuite hostname="XIPL9218" name="com.mediaservices.c2c.talent.service.ElasticSearchPusherServiceTest" tests="3" failures="0" timestamp="4 Nov 2018 15:15:17 GMT" time="2.296" errors="0">
  <testcase name="testUpdatePartyInElasticSearchGS" time="0.082" classname="com.mediaservices.c2c.talent.service.ElasticSearchPusherServiceTest"/>
  <testcase name="testUpdatePartyInElasticSearchTypeAhead" time="0.006" classname="com.mediaservices.c2c.talent.service.ElasticSearchPusherServiceTest"/>
  <testcase name="testupdateElasticSearch" time="2.208" classname="com.mediaservices.c2c.talent.service.ElasticSearchPusherServiceTest"/>
</testsuite> <!-- com.mediaservices.c2c.talent.service.ElasticSearchPusherServiceTest -->
