<?xml version="1.0" encoding="UTF-8"?>
<!-- Generated by org.testng.reporters.JUnitReportReporter -->
<testsuite hostname="XIPL9218" name="com.mediaservices.c2c.talent.service.SysPropServiceTest" tests="3" failures="0" timestamp="1 Nov 2018 09:35:56 GMT" time="0.308" errors="0">
  <testcase name="testGetValuesBySystemPropName" time="0.004" classname="com.mediaservices.c2c.talent.service.SysPropServiceTest"/>
  <testcase name="testFindOrCreateOccupationTypeIsNotNull" time="0.007" classname="com.mediaservices.c2c.talent.service.SysPropServiceTest"/>
  <testcase name="testFindOrCreateOccupationTypeWhenOccupationIsNull" time="0.297" classname="com.mediaservices.c2c.talent.service.SysPropServiceTest"/>
</testsuite> <!-- com.mediaservices.c2c.talent.service.SysPropServiceTest -->
