<?xml version="1.0" encoding="UTF-8"?>
<!-- Generated by org.testng.reporters.JUnitReportReporter -->
<testsuite hostname="XIPL9218" name="com.mediaservices.c2c.talent.service.PartyServiceTest" tests="44" failures="0" timestamp="12 Nov 2018 13:47:29 GMT" time="4.446" errors="0">
  <testcase name="getTalentsTimeLine" time="0.008" classname="com.mediaservices.c2c.talent.service.PartyServiceTest"/>
  <testcase name="getAllParties" time="0.118" classname="com.mediaservices.c2c.talent.service.PartyServiceTest"/>
  <testcase name="getTalents" time="0.187" classname="com.mediaservices.c2c.talent.service.PartyServiceTest"/>
  <testcase name="savePersonException" time="0.006" classname="com.mediaservices.c2c.talent.service.PartyServiceTest"/>
  <testcase name="savePerson" time="0.030" classname="com.mediaservices.c2c.talent.service.PartyServiceTest"/>
  <testcase name="saveTalentGuardian" time="0.006" classname="com.mediaservices.c2c.talent.service.PartyServiceTest"/>
  <testcase name="getPartyById" time="0.012" classname="com.mediaservices.c2c.talent.service.PartyServiceTest"/>
  <testcase name="deleteRelationParentNull" time="0.010" classname="com.mediaservices.c2c.talent.service.PartyServiceTest"/>
  <testcase name="saveTalentNullTalent" time="0.007" classname="com.mediaservices.c2c.talent.service.PartyServiceTest"/>
  <testcase name="saveRollcallPerson" time="0.010" classname="com.mediaservices.c2c.talent.service.PartyServiceTest"/>
  <testcase name="getPartyDetailsWithStTalent" time="0.007" classname="com.mediaservices.c2c.talent.service.PartyServiceTest"/>
  <testcase name="getPersonDetailsPartyNull" time="3.524" classname="com.mediaservices.c2c.talent.service.PartyServiceTest"/>
  <testcase name="getTalentDetails_loanoutNotFound" time="0.011" classname="com.mediaservices.c2c.talent.service.PartyServiceTest"/>
  <testcase name="saveTalentDirectContactRetunEmpty" time="0.006" classname="com.mediaservices.c2c.talent.service.PartyServiceTest"/>
  <testcase name="getTalentDetailsForCompanyInstance" time="0.015" classname="com.mediaservices.c2c.talent.service.PartyServiceTest"/>
  <testcase name="getTalentDetailsForContactInstance" time="0.006" classname="com.mediaservices.c2c.talent.service.PartyServiceTest"/>
  <testcase name="getRepresentatives" time="0.004" classname="com.mediaservices.c2c.talent.service.PartyServiceTest"/>
  <testcase name="getTalentDetails_notFound" time="0.005" classname="com.mediaservices.c2c.talent.service.PartyServiceTest"/>
  <testcase name="deleteRelationChildNull" time="0.007" classname="com.mediaservices.c2c.talent.service.PartyServiceTest"/>
  <testcase name="getTalentsDeal" time="0.004" classname="com.mediaservices.c2c.talent.service.PartyServiceTest"/>
  <testcase name="getTalentDetails2" time="0.019" classname="com.mediaservices.c2c.talent.service.PartyServiceTest"/>
  <testcase name="saveTalentConfidentialInfoNull" time="0.008" classname="com.mediaservices.c2c.talent.service.PartyServiceTest"/>
  <testcase name="saveTalentDirectContact" time="0.013" classname="com.mediaservices.c2c.talent.service.PartyServiceTest"/>
  <testcase name="getTalentImage" time="0.003" classname="com.mediaservices.c2c.talent.service.PartyServiceTest"/>
  <testcase name="getTalentsContactCompany" time="0.009" classname="com.mediaservices.c2c.talent.service.PartyServiceTest"/>
  <testcase name="saveTalentTeam" time="0.007" classname="com.mediaservices.c2c.talent.service.PartyServiceTest"/>
  <testcase name="getTalentDetailsforPerson" time="0.004" classname="com.mediaservices.c2c.talent.service.PartyServiceTest"/>
  <testcase name="saveRelationLongLongStringboolean" time="0.195" classname="com.mediaservices.c2c.talent.service.PartyServiceTest"/>
  <testcase name="getPartiesPage" time="0.014" classname="com.mediaservices.c2c.talent.service.PartyServiceTest"/>
  <testcase name="getPersonDetails" time="0.011" classname="com.mediaservices.c2c.talent.service.PartyServiceTest"/>
  <testcase name="saveTalentNullParty" time="0.003" classname="com.mediaservices.c2c.talent.service.PartyServiceTest"/>
  <testcase name="getPartyDetailsWithContact" time="0.011" classname="com.mediaservices.c2c.talent.service.PartyServiceTest"/>
  <testcase name="saveTalentPartyInfoNull" time="0.014" classname="com.mediaservices.c2c.talent.service.PartyServiceTest"/>
  <testcase name="savePersonDataExits" time="0.005" classname="com.mediaservices.c2c.talent.service.PartyServiceTest"/>
  <testcase name="getCompanies" time="0.016" classname="com.mediaservices.c2c.talent.service.PartyServiceTest"/>
  <testcase name="getRepsClientsDeal" time="0.010" classname="com.mediaservices.c2c.talent.service.PartyServiceTest"/>
  <testcase name="getTalentsContactCompanyNull" time="0.006" classname="com.mediaservices.c2c.talent.service.PartyServiceTest"/>
  <testcase name="getPartyDetails_notFound" time="0.011" classname="com.mediaservices.c2c.talent.service.PartyServiceTest"/>
  <testcase name="savePerson3" time="0.005" classname="com.mediaservices.c2c.talent.service.PartyServiceTest"/>
  <testcase name="saveTalentGuardianWithExistingGuardians" time="0.007" classname="com.mediaservices.c2c.talent.service.PartyServiceTest"/>
  <testcase name="getTalentDetails" time="0.021" classname="com.mediaservices.c2c.talent.service.PartyServiceTest"/>
  <testcase name="deleteRelationChildNotNull" time="0.042" classname="com.mediaservices.c2c.talent.service.PartyServiceTest"/>
  <testcase name="savePersonDataNotExists" time="0.008" classname="com.mediaservices.c2c.talent.service.PartyServiceTest"/>
  <testcase name="saveTalent" time="0.021" classname="com.mediaservices.c2c.talent.service.PartyServiceTest"/>
</testsuite> <!-- com.mediaservices.c2c.talent.service.PartyServiceTest -->
