<?xml version="1.0" encoding="UTF-8"?>
<!-- Generated by org.testng.reporters.JUnitReportReporter -->
<testsuite hostname="XIPL9218" name="com.mediaservices.c2c.talent.converter.TalentToSTTalentConverterTest" tests="10" failures="0" timestamp="12 Nov 2018 12:27:53 GMT" time="6.325" errors="0">
  <testcase name="convertDobDodNull" time="5.750" classname="com.mediaservices.c2c.talent.converter.TalentToSTTalentConverterTest"/>
  <testcase name="convertGenereExists" time="0.020" classname="com.mediaservices.c2c.talent.converter.TalentToSTTalentConverterTest"/>
  <testcase name="convert_nullTalent" time="0.008" classname="com.mediaservices.c2c.talent.converter.TalentToSTTalentConverterTest"/>
  <testcase name="convertGenderRacePlaysAlreadyPresent" time="0.014" classname="com.mediaservices.c2c.talent.converter.TalentToSTTalentConverterTest"/>
  <testcase name="convertGuildAlreadyPresent" time="0.017" classname="com.mediaservices.c2c.talent.converter.TalentToSTTalentConverterTest"/>
  <testcase name="convertNewTalentCreate" time="0.018" classname="com.mediaservices.c2c.talent.converter.TalentToSTTalentConverterTest"/>
  <testcase name="convertWorkEligAlreadyExists" time="0.012" classname="com.mediaservices.c2c.talent.converter.TalentToSTTalentConverterTest"/>
  <testcase name="convert" time="0.464" classname="com.mediaservices.c2c.talent.converter.TalentToSTTalentConverterTest"/>
  <testcase name="convertNullGuild" time="0.014" classname="com.mediaservices.c2c.talent.converter.TalentToSTTalentConverterTest"/>
  <testcase name="convertOccupationExists" time="0.008" classname="com.mediaservices.c2c.talent.converter.TalentToSTTalentConverterTest"/>
</testsuite> <!-- com.mediaservices.c2c.talent.converter.TalentToSTTalentConverterTest -->
