<?xml version="1.0" encoding="UTF-8"?>
<!-- Generated by org.testng.reporters.JUnitReportReporter -->
<testsuite hostname="XIPL9218" name="com.mediaservices.c2c.talent.service.ApplicationInfoServiceTest" tests="1" failures="0" timestamp="4 Nov 2018 12:24:45 GMT" time="0.879" errors="0">
  <testcase name="getVersionInfo" time="0.879" classname="com.mediaservices.c2c.talent.service.ApplicationInfoServiceTest"/>
</testsuite> <!-- com.mediaservices.c2c.talent.service.ApplicationInfoServiceTest -->
