<?xml version="1.0" encoding="UTF-8"?>
<!-- Generated by org.testng.reporters.JUnitReportReporter -->
<testsuite hostname="XIPL9218" name="com.mediaservices.c2c.talent.service.CodeServiceTest" tests="8" failures="0" timestamp="1 Nov 2018 09:35:56 GMT" time="0.021" errors="0">
  <testcase name="getCodeSysPropValue" time="0.006" classname="com.mediaservices.c2c.talent.service.CodeServiceTest"/>
  <testcase name="testGetCodeString" time="0.002" classname="com.mediaservices.c2c.talent.service.CodeServiceTest"/>
  <testcase name="getCodeSysPropValue_null" time="0.002" classname="com.mediaservices.c2c.talent.service.CodeServiceTest"/>
  <testcase name="getCodeSysPropValue_zeroId" time="0.002" classname="com.mediaservices.c2c.talent.service.CodeServiceTest"/>
  <testcase name="getCodes" time="0.002" classname="com.mediaservices.c2c.talent.service.CodeServiceTest"/>
  <testcase name="getCodes_nullList" time="0.001" classname="com.mediaservices.c2c.talent.service.CodeServiceTest"/>
  <testcase name="testGetCode" time="0.002" classname="com.mediaservices.c2c.talent.service.CodeServiceTest"/>
  <testcase name="getCodes_onezeroId" time="0.004" classname="com.mediaservices.c2c.talent.service.CodeServiceTest"/>
</testsuite> <!-- com.mediaservices.c2c.talent.service.CodeServiceTest -->
