<?xml version="1.0" encoding="UTF-8"?>
<!-- Generated by org.testng.reporters.JUnitReportReporter -->
<testsuite hostname="XIPL9218" name="com.mediaservices.c2c.talent.converter.PersonToPartyConverterTest" tests="4" failures="0" timestamp="6 Nov 2018 05:57:54 GMT" time="1.996" errors="0">
  <testcase name="convert_noPrimaryPhone" time="0.005" classname="com.mediaservices.c2c.talent.converter.PersonToPartyConverterTest"/>
  <testcase name="convert" time="0.152" classname="com.mediaservices.c2c.talent.converter.PersonToPartyConverterTest"/>
  <testcase name="convert_nullParty" time="0.005" classname="com.mediaservices.c2c.talent.converter.PersonToPartyConverterTest"/>
  <testcase name="convert_missingValues" time="1.834" classname="com.mediaservices.c2c.talent.converter.PersonToPartyConverterTest"/>
</testsuite> <!-- com.mediaservices.c2c.talent.converter.PersonToPartyConverterTest -->
