<?xml version="1.0" encoding="UTF-8"?>
<!-- Generated by org.testng.reporters.JUnitReportReporter -->
<testsuite hostname="XIPL9218" name="com.mediaservices.c2c.talent.converter.SearchHitToTypeAheadNameDtoConverterTest" tests="3" failures="0" timestamp="2 Nov 2018 14:14:15 GMT" time="1.894" errors="0">
  <testcase name="convert_verifySSNBadDataType" time="0.004" classname="com.mediaservices.c2c.talent.converter.SearchHitToTypeAheadNameDtoConverterTest"/>
  <testcase name="convert" time="0.040" classname="com.mediaservices.c2c.talent.converter.SearchHitToTypeAheadNameDtoConverterTest"/>
  <testcase name="convert_verifySSNFormat" time="1.850" classname="com.mediaservices.c2c.talent.converter.SearchHitToTypeAheadNameDtoConverterTest"/>
</testsuite> <!-- com.mediaservices.c2c.talent.converter.SearchHitToTypeAheadNameDtoConverterTest -->
