<?xml version="1.0" encoding="UTF-8"?>
<!-- Generated by org.testng.reporters.JUnitReportReporter -->
<testsuite hostname="XIPL9218" name="com.mediaservices.c2c.talent.service.CommonServiceTest" tests="3" failures="0" timestamp="4 Nov 2018 12:23:08 GMT" time="2.428" errors="0">
  <testcase name="getPickListsBasedOnTypes" time="0.006" classname="com.mediaservices.c2c.talent.service.CommonServiceTest"/>
  <testcase name="getUserStudios" time="0.027" classname="com.mediaservices.c2c.talent.service.CommonServiceTest"/>
  <testcase name="getPickList" time="2.395" classname="com.mediaservices.c2c.talent.service.CommonServiceTest"/>
</testsuite> <!-- com.mediaservices.c2c.talent.service.CommonServiceTest -->
