<?xml version="1.0" encoding="UTF-8"?>
<!-- Generated by org.testng.reporters.JUnitReportReporter -->
<testsuite hostname="XIPL9218" name="com.mediaservices.c2c.talent.converter.SysPropValueToSysPropValueDtoConvertorTest" tests="1" failures="0" timestamp="2 Nov 2018 14:39:10 GMT" time="0.359" errors="0">
  <testcase name="convert" time="0.359" classname="com.mediaservices.c2c.talent.converter.SysPropValueToSysPropValueDtoConvertorTest"/>
</testsuite> <!-- com.mediaservices.c2c.talent.converter.SysPropValueToSysPropValueDtoConvertorTest -->
