<?xml version="1.0" encoding="UTF-8"?>
<!-- Generated by org.testng.reporters.JUnitReportReporter -->
<testsuite hostname="XIPL9218" name="com.mediaservices.c2c.talent.service.ValidatorServiceTest" tests="15" failures="0" timestamp="4 Nov 2018 12:33:36 GMT" time="2.448" errors="0">
  <testcase name="validateSagValis" time="0.003" classname="com.mediaservices.c2c.talent.service.ValidatorServiceTest"/>
  <testcase name="validateSsnNull" time="2.323" classname="com.mediaservices.c2c.talent.service.ValidatorServiceTest"/>
  <testcase name="validateEinExistsPArtyIdNull" time="0.005" classname="com.mediaservices.c2c.talent.service.ValidatorServiceTest"/>
  <testcase name="validateEinNull" time="0.004" classname="com.mediaservices.c2c.talent.service.ValidatorServiceTest"/>
  <testcase name="validateSsnvalid" time="0.003" classname="com.mediaservices.c2c.talent.service.ValidatorServiceTest"/>
  <testcase name="validateTeamName" time="0.007" classname="com.mediaservices.c2c.talent.service.ValidatorServiceTest"/>
  <testcase name="validateSsnExists" time="0.004" classname="com.mediaservices.c2c.talent.service.ValidatorServiceTest"/>
  <testcase name="validateSagNull" time="0.004" classname="com.mediaservices.c2c.talent.service.ValidatorServiceTest"/>
  <testcase name="validateEinExists" time="0.071" classname="com.mediaservices.c2c.talent.service.ValidatorServiceTest"/>
  <testcase name="validateEinValis" time="0.004" classname="com.mediaservices.c2c.talent.service.ValidatorServiceTest"/>
  <testcase name="validateSagExists" time="0.005" classname="com.mediaservices.c2c.talent.service.ValidatorServiceTest"/>
  <testcase name="validateSsnInvalidFormat1" time="0.006" classname="com.mediaservices.c2c.talent.service.ValidatorServiceTest"/>
  <testcase name="validateSsnExistsPartyIdNull" time="0.003" classname="com.mediaservices.c2c.talent.service.ValidatorServiceTest"/>
  <testcase name="validateTeamNameNameEmpty" time="0.002" classname="com.mediaservices.c2c.talent.service.ValidatorServiceTest"/>
  <testcase name="validateSagExistsPArtyIdNull" time="0.004" classname="com.mediaservices.c2c.talent.service.ValidatorServiceTest"/>
</testsuite> <!-- com.mediaservices.c2c.talent.service.ValidatorServiceTest -->
