<?xml version="1.0" encoding="UTF-8"?>
<!-- Generated by org.testng.reporters.JUnitReportReporter -->
<testsuite hostname="XIPL9218" name="com.mediaservices.c2c.talent.converter.StTalentToPartyConverterTest" tests="2" failures="0" timestamp="2 Nov 2018 14:34:31 GMT" time="1.762" errors="0">
  <testcase name="convert_nullTalent" time="1.633" classname="com.mediaservices.c2c.talent.converter.StTalentToPartyConverterTest"/>
  <testcase name="convert" time="0.129" classname="com.mediaservices.c2c.talent.converter.StTalentToPartyConverterTest"/>
</testsuite> <!-- com.mediaservices.c2c.talent.converter.StTalentToPartyConverterTest -->
