<?xml version="1.0" encoding="UTF-8"?>
<!-- Generated by org.testng.reporters.JUnitReportReporter -->
<testsuite hostname="XIPL9218" name="com.mediaservices.c2c.talent.service.impl.UserServiceImplTest" tests="8" failures="0" timestamp="4 Nov 2018 14:44:05 GMT" time="3.440" errors="0">
  <testcase name="getLoggedInUserName_ssoDisabled" time="0.021" classname="com.mediaservices.c2c.talent.service.impl.UserServiceImplTest"/>
  <testcase name="getUserView" time="0.004" classname="com.mediaservices.c2c.talent.service.impl.UserServiceImplTest"/>
  <testcase name="loadUserDetailsUser" time="0.144" classname="com.mediaservices.c2c.talent.service.impl.UserServiceImplTest"/>
  <testcase name="getLoggedInUser" time="0.224" classname="com.mediaservices.c2c.talent.service.impl.UserServiceImplTest"/>
  <testcase name="getLoggedInUserName" time="3.006" classname="com.mediaservices.c2c.talent.service.impl.UserServiceImplTest"/>
  <testcase name="getLoggedInUser_ssoDisabled" time="0.007" classname="com.mediaservices.c2c.talent.service.impl.UserServiceImplTest"/>
  <testcase name="loadUserDetailsUserNotFound" time="0.005" classname="com.mediaservices.c2c.talent.service.impl.UserServiceImplTest"/>
  <testcase name="getUserByStudioId" time="0.029" classname="com.mediaservices.c2c.talent.service.impl.UserServiceImplTest"/>
</testsuite> <!-- com.mediaservices.c2c.talent.service.impl.UserServiceImplTest -->
