<?xml version="1.0" encoding="UTF-8"?>
<!-- Generated by org.testng.reporters.JUnitReportReporter -->
<testsuite hostname="XIPL9218" name="com.mediaservices.c2c.talent.service.TypeAheadNameServiceTest" tests="95" failures="0" timestamp="4 Nov 2018 14:39:29 GMT" time="5.246" errors="0">
  <testcase name="getTypeAheadNames" time="0.005" classname="com.mediaservices.c2c.talent.service.TypeAheadNameServiceTest"/>
  <testcase name="getTypeAheadNames" time="0.006" classname="com.mediaservices.c2c.talent.service.TypeAheadNameServiceTest"/>
  <testcase name="testAddPersonName_SSNBadFormat" time="0.008" classname="com.mediaservices.c2c.talent.service.TypeAheadNameServiceTest"/>
  <testcase name="getTypeAheadNames" time="0.005" classname="com.mediaservices.c2c.talent.service.TypeAheadNameServiceTest"/>
  <testcase name="getTypeAheadNames" time="0.007" classname="com.mediaservices.c2c.talent.service.TypeAheadNameServiceTest"/>
  <testcase name="getTypeAheadNames_contactOnlyFilter" time="0.005" classname="com.mediaservices.c2c.talent.service.TypeAheadNameServiceTest"/>
  <testcase name="getTypeAheadNames" time="0.004" classname="com.mediaservices.c2c.talent.service.TypeAheadNameServiceTest"/>
  <testcase name="getTypeAheadNames" time="0.006" classname="com.mediaservices.c2c.talent.service.TypeAheadNameServiceTest"/>
  <testcase name="getTypeAheadNames" time="0.005" classname="com.mediaservices.c2c.talent.service.TypeAheadNameServiceTest"/>
  <testcase name="getTypeAheadNames" time="0.005" classname="com.mediaservices.c2c.talent.service.TypeAheadNameServiceTest"/>
  <testcase name="testAddPersonName_noSSNDashes" time="0.005" classname="com.mediaservices.c2c.talent.service.TypeAheadNameServiceTest"/>
  <testcase name="getTypeAheadNames" time="0.004" classname="com.mediaservices.c2c.talent.service.TypeAheadNameServiceTest"/>
  <testcase name="getTypeAheadNames_noAliasFilter" time="0.004" classname="com.mediaservices.c2c.talent.service.TypeAheadNameServiceTest"/>
  <testcase name="getTypeAheadNames" time="0.005" classname="com.mediaservices.c2c.talent.service.TypeAheadNameServiceTest"/>
  <testcase name="getTypeAheadNames" time="0.152" classname="com.mediaservices.c2c.talent.service.TypeAheadNameServiceTest"/>
  <testcase name="getTypeAheadNames" time="0.024" classname="com.mediaservices.c2c.talent.service.TypeAheadNameServiceTest"/>
  <testcase name="getTypeAheadNames" time="0.005" classname="com.mediaservices.c2c.talent.service.TypeAheadNameServiceTest"/>
  <testcase name="testAddAlias3Elements" time="0.002" classname="com.mediaservices.c2c.talent.service.TypeAheadNameServiceTest"/>
  <testcase name="getTypeAheadNames" time="0.004" classname="com.mediaservices.c2c.talent.service.TypeAheadNameServiceTest"/>
  <testcase name="testAddPersonName_tooLongMiddleName" time="0.004" classname="com.mediaservices.c2c.talent.service.TypeAheadNameServiceTest"/>
  <testcase name="addTypeAheadNameWithCompanyPartyType" time="0.095" classname="com.mediaservices.c2c.talent.service.TypeAheadNameServiceTest"/>
  <testcase name="getTypeAheadNames" time="0.004" classname="com.mediaservices.c2c.talent.service.TypeAheadNameServiceTest"/>
  <testcase name="getTypeAheadNames" time="0.004" classname="com.mediaservices.c2c.talent.service.TypeAheadNameServiceTest"/>
  <testcase name="getTypeAheadNames" time="0.008" classname="com.mediaservices.c2c.talent.service.TypeAheadNameServiceTest"/>
  <testcase name="getTypeAheadNames" time="0.006" classname="com.mediaservices.c2c.talent.service.TypeAheadNameServiceTest"/>
  <testcase name="getTypeAheadNames" time="0.005" classname="com.mediaservices.c2c.talent.service.TypeAheadNameServiceTest"/>
  <testcase name="getTypeAheadNames" time="0.003" classname="com.mediaservices.c2c.talent.service.TypeAheadNameServiceTest"/>
  <testcase name="getTypeAheadNames" time="0.008" classname="com.mediaservices.c2c.talent.service.TypeAheadNameServiceTest"/>
  <testcase name="getTypeAheadNames" time="0.005" classname="com.mediaservices.c2c.talent.service.TypeAheadNameServiceTest"/>
  <testcase name="testAddCompanyName" time="0.005" classname="com.mediaservices.c2c.talent.service.TypeAheadNameServiceTest"/>
  <testcase name="testAddPartyAndAliasWhenInputJsonContainsAKAFollowedByParty" time="0.007" classname="com.mediaservices.c2c.talent.service.TypeAheadNameServiceTest"/>
  <testcase name="testAddPersonName_tooLongSuffixName" time="0.005" classname="com.mediaservices.c2c.talent.service.TypeAheadNameServiceTest"/>
  <testcase name="testGetCompanyForParty" time="4.440" classname="com.mediaservices.c2c.talent.service.TypeAheadNameServiceTest"/>
  <testcase name="testAddPersonName_SSNTooLong" time="0.005" classname="com.mediaservices.c2c.talent.service.TypeAheadNameServiceTest"/>
  <testcase name="getTypeAheadNames" time="0.004" classname="com.mediaservices.c2c.talent.service.TypeAheadNameServiceTest"/>
  <testcase name="testAddPersonName_nullSSN" time="0.008" classname="com.mediaservices.c2c.talent.service.TypeAheadNameServiceTest"/>
  <testcase name="testGetOccupations" time="0.006" classname="com.mediaservices.c2c.talent.service.TypeAheadNameServiceTest"/>
  <testcase name="getTypeAheadNames" time="0.006" classname="com.mediaservices.c2c.talent.service.TypeAheadNameServiceTest"/>
  <testcase name="getTypeAheadNames" time="0.005" classname="com.mediaservices.c2c.talent.service.TypeAheadNameServiceTest"/>
  <testcase name="testAddNameAsAliasToAParty" time="0.004" classname="com.mediaservices.c2c.talent.service.TypeAheadNameServiceTest"/>
  <testcase name="testAddPersonName_tooLongFirstName" time="0.003" classname="com.mediaservices.c2c.talent.service.TypeAheadNameServiceTest"/>
  <testcase name="getTypeAheadNames" time="0.006" classname="com.mediaservices.c2c.talent.service.TypeAheadNameServiceTest"/>
  <testcase name="addTypeAheadNameWithTalentPartyType" time="0.008" classname="com.mediaservices.c2c.talent.service.TypeAheadNameServiceTest"/>
  <testcase name="getTypeAheadNames" time="0.006" classname="com.mediaservices.c2c.talent.service.TypeAheadNameServiceTest"/>
  <testcase name="getTypeAheadNames" time="0.004" classname="com.mediaservices.c2c.talent.service.TypeAheadNameServiceTest"/>
  <testcase name="getTypeAheadNames" time="0.006" classname="com.mediaservices.c2c.talent.service.TypeAheadNameServiceTest"/>
  <testcase name="getTypeAheadNames" time="0.005" classname="com.mediaservices.c2c.talent.service.TypeAheadNameServiceTest"/>
  <testcase name="getTypeAheadNames" time="0.004" classname="com.mediaservices.c2c.talent.service.TypeAheadNameServiceTest"/>
  <testcase name="getTypeAheadNames" time="0.003" classname="com.mediaservices.c2c.talent.service.TypeAheadNameServiceTest"/>
  <testcase name="getTypeAheadNames" time="0.006" classname="com.mediaservices.c2c.talent.service.TypeAheadNameServiceTest"/>
  <testcase name="testAddNameAsAliasWithNoInput" time="0.005" classname="com.mediaservices.c2c.talent.service.TypeAheadNameServiceTest"/>
  <testcase name="testAddPersonNameWithExistingSSN" time="0.004" classname="com.mediaservices.c2c.talent.service.TypeAheadNameServiceTest"/>
  <testcase name="getTypeAheadNames" time="0.004" classname="com.mediaservices.c2c.talent.service.TypeAheadNameServiceTest"/>
  <testcase name="testGetCompanyForPartyWithRelation" time="0.008" classname="com.mediaservices.c2c.talent.service.TypeAheadNameServiceTest"/>
  <testcase name="getTypeAheadNames" time="0.006" classname="com.mediaservices.c2c.talent.service.TypeAheadNameServiceTest"/>
  <testcase name="testGetGlobalSearchResponse" time="0.005" classname="com.mediaservices.c2c.talent.service.TypeAheadNameServiceTest"/>
  <testcase name="getTypeAheadNames" time="0.007" classname="com.mediaservices.c2c.talent.service.TypeAheadNameServiceTest"/>
  <testcase name="getTypeAheadNames" time="0.004" classname="com.mediaservices.c2c.talent.service.TypeAheadNameServiceTest"/>
  <testcase name="getTypeAheadNames" time="0.009" classname="com.mediaservices.c2c.talent.service.TypeAheadNameServiceTest"/>
  <testcase name="getTypeAheadNames" time="0.004" classname="com.mediaservices.c2c.talent.service.TypeAheadNameServiceTest"/>
  <testcase name="getTypeAheadNames" time="0.005" classname="com.mediaservices.c2c.talent.service.TypeAheadNameServiceTest"/>
  <testcase name="getTypeAheadNames" time="0.006" classname="com.mediaservices.c2c.talent.service.TypeAheadNameServiceTest"/>
  <testcase name="testAccentedCharsForCharA" time="0.028" classname="com.mediaservices.c2c.talent.service.TypeAheadNameServiceTest"/>
  <testcase name="getTypeAheadNames" time="0.006" classname="com.mediaservices.c2c.talent.service.TypeAheadNameServiceTest"/>
  <testcase name="addTypeAheadNameWithTalentPartyType_SkipES" time="0.008" classname="com.mediaservices.c2c.talent.service.TypeAheadNameServiceTest"/>
  <testcase name="getTypeAheadNames" time="0.004" classname="com.mediaservices.c2c.talent.service.TypeAheadNameServiceTest"/>
  <testcase name="getTypeAheadNames" time="0.006" classname="com.mediaservices.c2c.talent.service.TypeAheadNameServiceTest"/>
  <testcase name="getTypeAheadNames" time="0.005" classname="com.mediaservices.c2c.talent.service.TypeAheadNameServiceTest"/>
  <testcase name="getTypeAheadNames" time="0.006" classname="com.mediaservices.c2c.talent.service.TypeAheadNameServiceTest"/>
  <testcase name="getTypeAheadNames" time="0.008" classname="com.mediaservices.c2c.talent.service.TypeAheadNameServiceTest"/>
  <testcase name="getTypeAheadNames" time="0.005" classname="com.mediaservices.c2c.talent.service.TypeAheadNameServiceTest"/>
  <testcase name="testAddPersonName_tooLongLastName" time="0.003" classname="com.mediaservices.c2c.talent.service.TypeAheadNameServiceTest"/>
  <testcase name="testAddPersonNameWithExistingCompany" time="0.003" classname="com.mediaservices.c2c.talent.service.TypeAheadNameServiceTest"/>
  <testcase name="getAllNames" time="0.023" classname="com.mediaservices.c2c.talent.service.TypeAheadNameServiceTest"/>
  <testcase name="getTypeAheadNames" time="0.005" classname="com.mediaservices.c2c.talent.service.TypeAheadNameServiceTest"/>
  <testcase name="getTypeAheadNames" time="0.005" classname="com.mediaservices.c2c.talent.service.TypeAheadNameServiceTest"/>
  <testcase name="getTypeAheadNames" time="0.005" classname="com.mediaservices.c2c.talent.service.TypeAheadNameServiceTest"/>
  <testcase name="testAddCompanyNameWithExistingAgency" time="0.006" classname="com.mediaservices.c2c.talent.service.TypeAheadNameServiceTest"/>
  <testcase name="getTypeAheadNames" time="0.004" classname="com.mediaservices.c2c.talent.service.TypeAheadNameServiceTest"/>
  <testcase name="testGetTotalRecordsInNamePOCView" time="0.005" classname="com.mediaservices.c2c.talent.service.TypeAheadNameServiceTest"/>
  <testcase name="getTypeAheadNames" time="0.004" classname="com.mediaservices.c2c.talent.service.TypeAheadNameServiceTest"/>
  <testcase name="testAddPersonName" time="0.005" classname="com.mediaservices.c2c.talent.service.TypeAheadNameServiceTest"/>
  <testcase name="getTypeAheadNames" time="0.004" classname="com.mediaservices.c2c.talent.service.TypeAheadNameServiceTest"/>
  <testcase name="testAddAliasTwoElementsExistingPerson" time="0.006" classname="com.mediaservices.c2c.talent.service.TypeAheadNameServiceTest"/>
  <testcase name="getTypeAheadNames" time="0.006" classname="com.mediaservices.c2c.talent.service.TypeAheadNameServiceTest"/>
  <testcase name="getTypeAheadNames" time="0.004" classname="com.mediaservices.c2c.talent.service.TypeAheadNameServiceTest"/>
  <testcase name="getTypeAheadNames" time="0.004" classname="com.mediaservices.c2c.talent.service.TypeAheadNameServiceTest"/>
  <testcase name="getTypeAheadNames" time="0.003" classname="com.mediaservices.c2c.talent.service.TypeAheadNameServiceTest"/>
  <testcase name="testAddPartyAndAliasWhenInputJsonContainsPartyFollowedByAKA" time="0.008" classname="com.mediaservices.c2c.talent.service.TypeAheadNameServiceTest"/>
  <testcase name="getTypeAheadNames" time="0.005" classname="com.mediaservices.c2c.talent.service.TypeAheadNameServiceTest"/>
  <testcase name="testAddPersonName_tooLongOverallName" time="0.005" classname="com.mediaservices.c2c.talent.service.TypeAheadNameServiceTest"/>
  <testcase name="getTypeAheadNames" time="0.006" classname="com.mediaservices.c2c.talent.service.TypeAheadNameServiceTest"/>
  <testcase name="getTypeAheadNames" time="0.008" classname="com.mediaservices.c2c.talent.service.TypeAheadNameServiceTest"/>
  <testcase name="addTypeAheadNameWithContactType" time="0.022" classname="com.mediaservices.c2c.talent.service.TypeAheadNameServiceTest"/>
  <testcase name="getTypeAheadNames" time="0.005" classname="com.mediaservices.c2c.talent.service.TypeAheadNameServiceTest"/>
</testsuite> <!-- com.mediaservices.c2c.talent.service.TypeAheadNameServiceTest -->
