<?xml version="1.0" encoding="UTF-8"?>
<!-- Generated by org.testng.reporters.JUnitReportReporter -->
<testsuite hostname="XIPL9218" name="com.mediaservices.c2c.talent.hateoas.PartyDtoResourceAssemblerTest" tests="3" failures="0" timestamp="2 Nov 2018 06:46:53 GMT" time="0.821" errors="0">
  <testcase name="toResource" time="0.814" classname="com.mediaservices.c2c.talent.hateoas.PartyDtoResourceAssemblerTest"/>
  <testcase name="toResource_nullLoanOutAndReps" time="0.004" classname="com.mediaservices.c2c.talent.hateoas.PartyDtoResourceAssemblerTest"/>
  <testcase name="toResource_nullRoles" time="0.003" classname="com.mediaservices.c2c.talent.hateoas.PartyDtoResourceAssemblerTest"/>
</testsuite> <!-- com.mediaservices.c2c.talent.hateoas.PartyDtoResourceAssemblerTest -->
