<?xml version="1.0" encoding="UTF-8"?>
<!-- Generated by org.testng.reporters.JUnitReportReporter -->
<testsuite hostname="XIPL9218" name="com.mediaservices.c2c.talent.controller.CompanyControllerTest" tests="6" failures="0" timestamp="5 Nov 2018 12:30:15 GMT" time="1.319" errors="0">
  <testcase name="testAddOrEditCompany" time="0.041" classname="com.mediaservices.c2c.talent.controller.CompanyControllerTest"/>
  <testcase name="testGetCompanyDetail" time="0.129" classname="com.mediaservices.c2c.talent.controller.CompanyControllerTest"/>
  <testcase name="testGetPeopleForCorporateNoRecords" time="1.134" classname="com.mediaservices.c2c.talent.controller.CompanyControllerTest"/>
  <testcase name="testGetPeopleForCorporate" time="0.009" classname="com.mediaservices.c2c.talent.controller.CompanyControllerTest"/>
  <testcase name="testGetPeopleForLocationNoRecords" time="0.003" classname="com.mediaservices.c2c.talent.controller.CompanyControllerTest"/>
  <testcase name="testGetPeopleForLocation" time="0.003" classname="com.mediaservices.c2c.talent.controller.CompanyControllerTest"/>
</testsuite> <!-- com.mediaservices.c2c.talent.controller.CompanyControllerTest -->
