<?xml version="1.0" encoding="UTF-8"?>
<!-- Generated by org.testng.reporters.JUnitReportReporter -->
<testsuite hostname="XIPL9218" name="com.mediaservices.c2c.talent.controller.ApplicationInfoControllerTest" tests="2" failures="0" timestamp="2 Nov 2018 12:06:11 GMT" time="1.996" errors="0">
  <testcase name="getApp1ReDirectURL" time="0.203" classname="com.mediaservices.c2c.talent.controller.ApplicationInfoControllerTest"/>
  <testcase name="getLookup" time="1.793" classname="com.mediaservices.c2c.talent.controller.ApplicationInfoControllerTest"/>
</testsuite> <!-- com.mediaservices.c2c.talent.controller.ApplicationInfoControllerTest -->
