<?xml version="1.0" encoding="UTF-8"?>
<!-- Generated by org.testng.reporters.JUnitReportReporter -->
<testsuite hostname="XIPL9218" name="com.mediaservices.c2c.talent.controller.UserControllerTest" tests="4" failures="0" timestamp="2 Nov 2018 12:06:51 GMT" time="1.649" errors="0">
  <testcase name="getRollCallAccess" time="0.043" classname="com.mediaservices.c2c.talent.controller.UserControllerTest"/>
  <testcase name="getSupervisors" time="0.005" classname="com.mediaservices.c2c.talent.controller.UserControllerTest"/>
  <testcase name="getUserInfoForRc" time="0.002" classname="com.mediaservices.c2c.talent.controller.UserControllerTest"/>
  <testcase name="getUserInfo" time="1.599" classname="com.mediaservices.c2c.talent.controller.UserControllerTest"/>
</testsuite> <!-- com.mediaservices.c2c.talent.controller.UserControllerTest -->
