<?xml version="1.0" encoding="UTF-8"?>
<!-- Generated by org.testng.reporters.JUnitReportReporter -->
<testsuite hostname="XIPL9218" name="com.mediaservices.c2c.talent.controller.TypeAheadNameControllerTest" tests="15" failures="0" timestamp="2 Nov 2018 12:10:22 GMT" time="2.064" errors="0">
  <testcase name="testGetAllNamesForParty" time="1.701" classname="com.mediaservices.c2c.talent.controller.TypeAheadNameControllerTest"/>
  <testcase name="getUserRoles" time="0.004" classname="com.mediaservices.c2c.talent.controller.TypeAheadNameControllerTest"/>
  <testcase name="testAddNameAsAlias" time="0.003" classname="com.mediaservices.c2c.talent.controller.TypeAheadNameControllerTest"/>
  <testcase name="getAllNamesForContact" time="0.067" classname="com.mediaservices.c2c.talent.controller.TypeAheadNameControllerTest"/>
  <testcase name="testAddTypeAheadNameWithCompany" time="0.005" classname="com.mediaservices.c2c.talent.controller.TypeAheadNameControllerTest"/>
  <testcase name="getOccupations" time="0.005" classname="com.mediaservices.c2c.talent.controller.TypeAheadNameControllerTest"/>
  <testcase name="getTypeAheadNamesForCallSheet" time="0.004" classname="com.mediaservices.c2c.talent.controller.TypeAheadNameControllerTest"/>
  <testcase name="getTypeAheadNamesWithNoSearchString" time="0.008" classname="com.mediaservices.c2c.talent.controller.TypeAheadNameControllerTest"/>
  <testcase name="getAgencies" time="0.206" classname="com.mediaservices.c2c.talent.controller.TypeAheadNameControllerTest"/>
  <testcase name="getTotalRecords" time="0.005" classname="com.mediaservices.c2c.talent.controller.TypeAheadNameControllerTest"/>
  <testcase name="getTypeAheadNames" time="0.034" classname="com.mediaservices.c2c.talent.controller.TypeAheadNameControllerTest"/>
  <testcase name="getGlobalSearchData" time="0.012" classname="com.mediaservices.c2c.talent.controller.TypeAheadNameControllerTest"/>
  <testcase name="testAddTypeAheadNameWithPerson" time="0.003" classname="com.mediaservices.c2c.talent.controller.TypeAheadNameControllerTest"/>
  <testcase name="testGetAccentedChars" time="0.004" classname="com.mediaservices.c2c.talent.controller.TypeAheadNameControllerTest"/>
  <testcase name="getEntityTypes" time="0.003" classname="com.mediaservices.c2c.talent.controller.TypeAheadNameControllerTest"/>
</testsuite> <!-- com.mediaservices.c2c.talent.controller.TypeAheadNameControllerTest -->
