<?xml version="1.0" encoding="UTF-8"?>
<!-- Generated by org.testng.reporters.JUnitReportReporter -->
<testsuite hostname="XIPL9218" name="com.mediaservices.c2c.talent.controller.PartyControllerTest" tests="20" failures="0" timestamp="2 Nov 2018 06:45:43 GMT" time="0.451" errors="0">
  <testcase name="validatePartyRequest" time="0.001" classname="com.mediaservices.c2c.talent.controller.PartyControllerTest"/>
  <testcase name="testSaveRollcallPerson" time="0.002" classname="com.mediaservices.c2c.talent.controller.PartyControllerTest"/>
  <testcase name="getParty" time="0.002" classname="com.mediaservices.c2c.talent.controller.PartyControllerTest"/>
  <testcase name="testGetPartyDetails" time="0.002" classname="com.mediaservices.c2c.talent.controller.PartyControllerTest"/>
  <testcase name="getCompanies" time="0.002" classname="com.mediaservices.c2c.talent.controller.PartyControllerTest"/>
  <testcase name="saveTalent" time="0.002" classname="com.mediaservices.c2c.talent.controller.PartyControllerTest"/>
  <testcase name="getTalents" time="0.165" classname="com.mediaservices.c2c.talent.controller.PartyControllerTest"/>
  <testcase name="testGetTalentsTimeline" time="0.002" classname="com.mediaservices.c2c.talent.controller.PartyControllerTest"/>
  <testcase name="saveRelation" time="0.002" classname="com.mediaservices.c2c.talent.controller.PartyControllerTest"/>
  <testcase name="testGetPersonsDetails" time="0.003" classname="com.mediaservices.c2c.talent.controller.PartyControllerTest"/>
  <testcase name="testGetPartyPage" time="0.006" classname="com.mediaservices.c2c.talent.controller.PartyControllerTest"/>
  <testcase name="testGetRepClientsDeals" time="0.001" classname="com.mediaservices.c2c.talent.controller.PartyControllerTest"/>
  <testcase name="getTalentImage" time="0.002" classname="com.mediaservices.c2c.talent.controller.PartyControllerTest"/>
  <testcase name="allParties" time="0.244" classname="com.mediaservices.c2c.talent.controller.PartyControllerTest"/>
  <testcase name="getRepresentatives" time="0.003" classname="com.mediaservices.c2c.talent.controller.PartyControllerTest"/>
  <testcase name="deleteRelation" time="0.004" classname="com.mediaservices.c2c.talent.controller.PartyControllerTest"/>
  <testcase name="getTalentsDeal" time="0.001" classname="com.mediaservices.c2c.talent.controller.PartyControllerTest"/>
  <testcase name="getTalentDetails" time="0.002" classname="com.mediaservices.c2c.talent.controller.PartyControllerTest"/>
  <testcase name="getTalentsContactCompany" time="0.002" classname="com.mediaservices.c2c.talent.controller.PartyControllerTest"/>
  <testcase name="savePerson" time="0.003" classname="com.mediaservices.c2c.talent.controller.PartyControllerTest"/>
</testsuite> <!-- com.mediaservices.c2c.talent.controller.PartyControllerTest -->
