<?xml version="1.0" encoding="UTF-8"?>
<!-- Generated by org.testng.reporters.JUnitReportReporter -->
<testsuite hostname="XIPL9218" name="com.mediaservices.c2c.talent.hateoas.TalentDtoResourceAssemblerTest" tests="1" failures="0" timestamp="2 Nov 2018 06:46:53 GMT" time="0.070" errors="0">
  <testcase name="toResource" time="0.070" classname="com.mediaservices.c2c.talent.hateoas.TalentDtoResourceAssemblerTest"/>
</testsuite> <!-- com.mediaservices.c2c.talent.hateoas.TalentDtoResourceAssemblerTest -->
