<?xml version="1.0" encoding="UTF-8"?>
<!-- Generated by org.testng.reporters.JUnitReportReporter -->
<testsuite hostname="XIPL9218" name="com.mediaservices.c2c.talent.controller.CommonControllerTest" tests="3" failures="0" timestamp="2 Nov 2018 06:45:44 GMT" time="0.043" errors="0">
  <testcase name="getPickListValues" time="0.009" classname="com.mediaservices.c2c.talent.controller.CommonControllerTest"/>
  <testcase name="getPickLists" time="0.031" classname="com.mediaservices.c2c.talent.controller.CommonControllerTest"/>
  <testcase name="getUsersStudios" time="0.003" classname="com.mediaservices.c2c.talent.controller.CommonControllerTest"/>
</testsuite> <!-- com.mediaservices.c2c.talent.controller.CommonControllerTest -->
